2025-07-25 07:43:59,627 - __main__ - INFO - 🚀 本番環境デプロイシステム初期化完了
2025-07-25 07:43:59,627 - __main__ - INFO - 🚀 本番環境デプロイ開始
2025-07-25 07:43:59,628 - __main__ - INFO - 🔍 システム要件チェック開始
2025-07-25 07:43:59,628 - __main__ - INFO - ✅ Python バージョン: 3.12.9
2025-07-25 07:43:59,628 - __main__ - INFO - ✅ 利用可能ディスク容量: 154.2GB
2025-07-25 07:43:59,634 - __main__ - INFO - ✅ 利用可能メモリ: 18.6GB
2025-07-25 07:44:00,809 - __main__ - INFO - ✅ 主要依存関係チェック完了
2025-07-25 07:44:00,809 - __main__ - INFO - ✅ システム要件チェック完了 - すべて合格
2025-07-25 07:44:00,810 - __main__ - INFO - 💾 本番環境バックアップ作成開始
2025-07-25 07:44:00,954 - __main__ - INFO - ✅ バックアップ完了: production_backups/deploy_1753397039
2025-07-25 07:44:00,954 - __main__ - INFO - 📦 依存関係インストール開始
2025-07-25 07:44:06,057 - __main__ - ERROR - ❌ 依存関係インストールエラー: Command '['C:\\Users\\downl\\AppData\\Local\\Programs\\Python\\Python312\\python.exe', '-m', 'pip', 'install', '-r', 'requirements.txt']' returned non-zero exit status 1.
2025-07-25 07:44:06,057 - __main__ - ERROR - エラー出力: WARNING: Ignoring invalid distribution ~ip (C:\Users\downl\AppData\Local\Programs\Python\Python312\Lib\site-packages)
ERROR: Could not find a version that satisfies the requirement github-actions>=1.0.0 (from versions: 0.0.1)
ERROR: No matching distribution found for github-actions>=1.0.0

2025-07-25 07:44:06,057 - __main__ - ERROR - ❌ デプロイ失敗: 依存関係インストール失敗
2025-07-25 07:44:06,057 - __main__ - INFO - 🔄 自動ロールバック実行
2025-07-25 07:44:06,057 - __main__ - INFO - 🔄 デプロイロールバック開始
2025-07-25 07:44:06,185 - __main__ - INFO - ✅ デプロイロールバック完了
2025-07-25 07:44:06,186 - __main__ - ERROR - レポート生成エラー: 'success'
