2025-07-25 09:19:01,384 - __main__ - INFO - 🚀 本番環境デプロイシステム初期化完了
2025-07-25 09:19:01,384 - __main__ - INFO - 🚀 本番環境デプロイ開始
2025-07-25 09:19:01,384 - __main__ - INFO - 🔍 システム要件チェック開始
2025-07-25 09:19:01,385 - __main__ - INFO - ✅ Python バージョン: 3.12.9
2025-07-25 09:19:01,385 - __main__ - INFO - ✅ 利用可能ディスク容量: 149.1GB
2025-07-25 09:19:01,392 - __main__ - INFO - ✅ 利用可能メモリ: 16.6GB
2025-07-25 09:19:02,741 - __main__ - INFO - ✅ 主要依存関係チェック完了
2025-07-25 09:19:02,742 - __main__ - INFO - ✅ システム要件チェック完了 - すべて合格
2025-07-25 09:19:02,742 - __main__ - INFO - 💾 本番環境バックアップ作成開始
2025-07-25 09:19:02,922 - __main__ - INFO - ✅ バックアップ完了: production_backups/deploy_1753402741
2025-07-25 09:19:02,922 - __main__ - INFO - 📦 依存関係インストール開始
2025-07-25 09:19:09,081 - __main__ - INFO - ✅ 依存関係インストール完了
2025-07-25 09:19:09,081 - __main__ - INFO - 🧪 デプロイ前テスト実行開始
2025-07-25 09:19:09,166 - __main__ - INFO - ✅ デプロイ前テスト完了: 0成功, 0失敗
2025-07-25 09:19:09,166 - __main__ - INFO - 🚀 アプリケーションデプロイ開始
2025-07-25 09:19:09,309 - __main__ - INFO - ✅ 本番設定ファイル作成: production_deploy/deploy_1753402741/production_config.json
2025-07-25 09:19:09,310 - __main__ - INFO - ✅ 起動スクリプト作成: production_deploy/deploy_1753402741/start_production.bat
2025-07-25 09:19:09,310 - __main__ - INFO - ✅ アプリケーションデプロイ完了: production_deploy/deploy_1753402741
2025-07-25 09:19:09,310 - __main__ - INFO - 🧪 デプロイ後テスト実行開始
2025-07-25 09:19:09,426 - __main__ - ERROR - 起動テストエラー: Command '['C:\\Users\\downl\\AppData\\Local\\Programs\\Python\\Python312\\python.exe', '-c', "import src.core.main; print('Startup test passed')"]' returned non-zero exit status 1.
2025-07-25 09:20:04,498 - __main__ - WARNING - ⚠️ デプロイ後テスト: 3/4成功
2025-07-25 09:20:04,498 - __main__ - ERROR - ❌ デプロイ失敗: デプロイ後テスト失敗
2025-07-25 09:20:04,498 - __main__ - INFO - 🔄 自動ロールバック実行
2025-07-25 09:20:04,498 - __main__ - INFO - 🔄 デプロイロールバック開始
2025-07-25 09:20:04,678 - __main__ - INFO - ✅ デプロイロールバック完了
2025-07-25 09:20:04,679 - __main__ - INFO - ✅ デプロイレポート生成: logs/deployment_deploy_1753402741/deployment_report.md
