2025-07-25 09:20:28,589 - __main__ - INFO - 🚀 本番環境デプロイシステム初期化完了
2025-07-25 09:20:28,589 - __main__ - INFO - 🚀 本番環境デプロイ開始
2025-07-25 09:20:28,589 - __main__ - INFO - 🔍 システム要件チェック開始
2025-07-25 09:20:28,591 - __main__ - INFO - ✅ Python バージョン: 3.12.9
2025-07-25 09:20:28,591 - __main__ - INFO - ✅ 利用可能ディスク容量: 149.1GB
2025-07-25 09:20:28,598 - __main__ - INFO - ✅ 利用可能メモリ: 16.1GB
2025-07-25 09:20:30,134 - __main__ - INFO - ✅ 主要依存関係チェック完了
2025-07-25 09:20:30,135 - __main__ - INFO - ✅ システム要件チェック完了 - すべて合格
2025-07-25 09:20:30,135 - __main__ - INFO - 💾 本番環境バックアップ作成開始
2025-07-25 09:20:30,305 - __main__ - INFO - ✅ バックアップ完了: production_backups/deploy_1753402828
2025-07-25 09:20:30,306 - __main__ - INFO - 📦 依存関係インストール開始
2025-07-25 09:20:36,458 - __main__ - INFO - ✅ 依存関係インストール完了
2025-07-25 09:20:36,458 - __main__ - INFO - 🧪 デプロイ前テスト実行開始
2025-07-25 09:20:36,561 - __main__ - INFO - ✅ デプロイ前テスト完了: 0成功, 0失敗
2025-07-25 09:20:36,562 - __main__ - INFO - 🚀 アプリケーションデプロイ開始
2025-07-25 09:20:36,720 - __main__ - INFO - ✅ 本番設定ファイル作成: production_deploy/deploy_1753402828/production_config.json
2025-07-25 09:20:36,721 - __main__ - INFO - ✅ 起動スクリプト作成: production_deploy/deploy_1753402828/start_production.bat
2025-07-25 09:20:36,721 - __main__ - INFO - ✅ アプリケーションデプロイ完了: production_deploy/deploy_1753402828
2025-07-25 09:20:36,722 - __main__ - INFO - 🧪 デプロイ後テスト実行開始
2025-07-25 09:20:36,841 - __main__ - ERROR - 起動テストエラー: Command '['C:\\Users\\downl\\AppData\\Local\\Programs\\Python\\Python312\\python.exe', '-c', "import sys; sys.path.append('.'); import src.core.main; print('Startup test passed')"]' returned non-zero exit status 1.
2025-07-25 09:21:31,081 - __main__ - INFO - ✅ デプロイ後テスト完了: 4/4成功
2025-07-25 09:21:31,081 - __main__ - INFO - 🎉 本番環境デプロイ完了！
2025-07-25 09:21:31,082 - __main__ - INFO - ✅ デプロイレポート生成: logs/deployment_deploy_1753402828/deployment_report.md
